<?xml version="1.0" encoding="UTF-8"?>
<coverage generated="1790029481280" clover="3.2.0">
  <project timestamp="1790029481280" name="All files">
    <metrics statements="160" coveredstatements="139" conditionals="90" coveredconditionals="73" methods="40" coveredmethods="36" elements="290" coveredelements="248" complexity="0" loc="160" ncloc="160" packages="2" files="7" classes="7"/>
    <package name="server">
      <metrics statements="113" coveredstatements="92" conditionals="63" coveredconditionals="49" methods="26" coveredmethods="22"/>
      <file name="auth.ts" path="C:\Users\Freddy\Documents\IA+robotica\mcp-advanced-starter-main\src\server\auth.ts">
        <metrics statements="55" coveredstatements="34" conditionals="28" coveredconditionals="19" methods="12" coveredmethods="8"/>
        <line num="38" count="15" type="stmt"/>
        <line num="41" count="2" type="stmt"/>
        <line num="45" count="1" type="stmt"/>
        <line num="46" count="1" type="stmt"/>
        <line num="64" count="13" type="stmt"/>
        <line num="65" count="13" type="stmt"/>
        <line num="66" count="13" type="stmt"/>
        <line num="68" count="13" type="stmt"/>
        <line num="71" count="9" type="cond" truecount="2" falsecount="0"/>
        <line num="72" count="1" type="stmt"/>
        <line num="77" count="8" type="stmt"/>
        <line num="78" count="8" type="stmt"/>
        <line num="80" count="8" type="stmt"/>
        <line num="81" count="8" type="stmt"/>
        <line num="82" count="8" type="cond" truecount="2" falsecount="0"/>
        <line num="83" count="8" type="stmt"/>
        <line num="87" count="1" type="stmt"/>
        <line num="88" count="1" type="cond" truecount="1" falsecount="1"/>
        <line num="89" count="1" type="stmt"/>
        <line num="98" count="7" type="stmt"/>
        <line num="99" count="7" type="cond" truecount="2" falsecount="0"/>
        <line num="100" count="6" type="cond" truecount="2" falsecount="0"/>
        <line num="101" count="1" type="stmt"/>
        <line num="105" count="5" type="cond" truecount="4" falsecount="0"/>
        <line num="106" count="1" type="stmt"/>
        <line num="108" count="4" type="stmt"/>
        <line num="110" count="4" type="stmt"/>
        <line num="111" count="4" type="stmt"/>
        <line num="119" count="7" type="stmt"/>
        <line num="128" count="1" type="stmt"/>
        <line num="132" count="3" type="stmt"/>
        <line num="133" count="3" type="cond" truecount="4" falsecount="0"/>
        <line num="134" count="2" type="stmt"/>
        <line num="136" count="1" type="stmt"/>
        <line num="168" count="0" type="cond" truecount="0" falsecount="2"/>
        <line num="169" count="0" type="cond" truecount="0" falsecount="2"/>
        <line num="172" count="0" type="stmt"/>
        <line num="173" count="0" type="stmt"/>
        <line num="174" count="0" type="stmt"/>
        <line num="175" count="0" type="stmt"/>
        <line num="177" count="0" type="stmt"/>
        <line num="179" count="0" type="stmt"/>
        <line num="180" count="0" type="stmt"/>
        <line num="181" count="0" type="stmt"/>
        <line num="182" count="0" type="cond" truecount="0" falsecount="2"/>
        <line num="183" count="0" type="stmt"/>
        <line num="184" count="0" type="stmt"/>
        <line num="186" count="0" type="stmt"/>
        <line num="187" count="0" type="stmt"/>
        <line num="195" count="0" type="stmt"/>
        <line num="199" count="0" type="stmt"/>
        <line num="200" count="0" type="stmt"/>
        <line num="203" count="0" type="stmt"/>
        <line num="204" count="0" type="stmt"/>
        <line num="209" count="0" type="stmt"/>
      </file>
      <file name="eventStore.ts" path="C:\Users\Freddy\Documents\IA+robotica\mcp-advanced-starter-main\src\server\eventStore.ts">
        <metrics statements="17" coveredstatements="17" conditionals="14" coveredconditionals="11" methods="4" coveredmethods="4"/>
        <line num="19" count="5" type="stmt"/>
        <line num="22" count="7" type="stmt"/>
        <line num="26" count="3" type="cond" truecount="1" falsecount="1"/>
        <line num="30" count="7" type="stmt"/>
        <line num="31" count="7" type="stmt"/>
        <line num="32" count="7" type="stmt"/>
        <line num="39" count="4" type="cond" truecount="4" falsecount="0"/>
        <line num="41" count="3" type="stmt"/>
        <line num="42" count="3" type="cond" truecount="1" falsecount="1"/>
        <line num="44" count="3" type="stmt"/>
        <line num="45" count="3" type="stmt"/>
        <line num="46" count="6" type="cond" truecount="2" falsecount="0"/>
        <line num="47" count="5" type="cond" truecount="2" falsecount="0"/>
        <line num="48" count="3" type="stmt"/>
        <line num="49" count="3" type="stmt"/>
        <line num="51" count="2" type="cond" truecount="1" falsecount="1"/>
        <line num="53" count="3" type="stmt"/>
      </file>
      <file name="store.ts" path="C:\Users\Freddy\Documents\IA+robotica\mcp-advanced-starter-main\src\server\store.ts">
        <metrics statements="41" coveredstatements="41" conditionals="21" coveredconditionals="19" methods="10" coveredmethods="10"/>
        <line num="23" count="5" type="stmt"/>
        <line num="24" count="5" type="stmt"/>
        <line num="25" count="5" type="stmt"/>
        <line num="33" count="40" type="stmt"/>
        <line num="36" count="164" type="stmt"/>
        <line num="37" count="164" type="stmt"/>
        <line num="38" count="164" type="stmt"/>
        <line num="39" count="164" type="stmt"/>
        <line num="43" count="7" type="stmt"/>
        <line num="47" count="2" type="stmt"/>
        <line num="48" count="2" type="cond" truecount="2" falsecount="0"/>
        <line num="49" count="1" type="stmt"/>
        <line num="50" count="1" type="stmt"/>
        <line num="51" count="1" type="stmt"/>
        <line num="55" count="143" type="stmt"/>
        <line num="64" count="16" type="cond" truecount="2" falsecount="0"/>
        <line num="65" count="16" type="cond" truecount="3" falsecount="1"/>
        <line num="66" count="16" type="stmt"/>
        <line num="68" count="16" type="stmt"/>
        <line num="70" count="56" type="cond" truecount="4" falsecount="0"/>
        <line num="73" count="7" type="stmt"/>
        <line num="76" count="16" type="stmt"/>
        <line num="77" count="16" type="stmt"/>
        <line num="78" count="16" type="cond" truecount="2" falsecount="0"/>
        <line num="94" count="8" type="cond" truecount="2" falsecount="0"/>
        <line num="95" count="2" type="stmt"/>
        <line num="98" count="6" type="stmt"/>
        <line num="99" count="6" type="stmt"/>
        <line num="100" count="6" type="stmt"/>
        <line num="101" count="10" type="cond" truecount="2" falsecount="0"/>
        <line num="104" count="6" type="stmt"/>
        <line num="105" count="6" type="stmt"/>
        <line num="106" count="8" type="stmt"/>
        <line num="107" count="8" type="stmt"/>
        <line num="108" count="8" type="stmt"/>
        <line num="109" count="8" type="cond" truecount="1" falsecount="1"/>
        <line num="111" count="8" type="stmt"/>
        <line num="112" count="8" type="stmt"/>
        <line num="119" count="8" type="stmt"/>
        <line num="120" count="8" type="stmt"/>
        <line num="122" count="6" type="stmt"/>
      </file>
    </package>
    <package name="server.tools">
      <metrics statements="47" coveredstatements="47" conditionals="27" coveredconditionals="24" methods="14" coveredmethods="14"/>
      <file name="createNote.ts" path="C:\Users\Freddy\Documents\IA+robotica\mcp-advanced-starter-main\src\server\tools\createNote.ts">
        <metrics statements="11" coveredstatements="11" conditionals="11" coveredconditionals="10" methods="3" coveredmethods="3"/>
        <line num="7" count="1" type="stmt"/>
        <line num="23" count="3" type="stmt"/>
        <line num="24" count="3" type="stmt"/>
        <line num="43" count="2" type="cond" truecount="4" falsecount="0"/>
        <line num="44" count="1" type="stmt"/>
        <line num="45" count="1" type="cond" truecount="3" falsecount="1"/>
        <line num="49" count="1" type="stmt"/>
        <line num="54" count="5" type="stmt"/>
        <line num="78" count="5" type="cond" truecount="3" falsecount="0"/>
        <line num="79" count="5" type="stmt"/>
        <line num="81" count="5" type="stmt"/>
      </file>
      <file name="indexRoots.ts" path="C:\Users\Freddy\Documents\IA+robotica\mcp-advanced-starter-main\src\server\tools\indexRoots.ts">
        <metrics statements="21" coveredstatements="21" conditionals="8" coveredconditionals="6" methods="5" coveredmethods="5"/>
        <line num="17" count="9" type="stmt"/>
        <line num="33" count="9" type="stmt"/>
        <line num="34" count="9" type="stmt"/>
        <line num="36" count="1" type="stmt"/>
        <line num="47" count="8" type="cond" truecount="2" falsecount="0"/>
        <line num="48" count="1" type="stmt"/>
        <line num="60" count="7" type="stmt"/>
        <line num="61" count="9" type="stmt"/>
        <line num="62" count="9" type="stmt"/>
        <line num="65" count="9" type="stmt"/>
        <line num="70" count="9" type="stmt"/>
        <line num="75" count="7" type="stmt"/>
        <line num="76" count="7" type="stmt"/>
        <line num="77" count="8" type="stmt"/>
        <line num="78" count="8" type="cond" truecount="2" falsecount="0"/>
        <line num="79" count="2" type="stmt"/>
        <line num="89" count="8" type="stmt"/>
        <line num="93" count="6" type="cond" truecount="1" falsecount="1"/>
        <line num="95" count="8" type="stmt"/>
        <line num="97" count="9" type="stmt"/>
        <line num="102" count="6" type="stmt"/>
      </file>
      <file name="searchNotes.ts" path="C:\Users\Freddy\Documents\IA+robotica\mcp-advanced-starter-main\src\server\tools\searchNotes.ts">
        <metrics statements="6" coveredstatements="6" conditionals="4" coveredconditionals="4" methods="4" coveredmethods="4"/>
        <line num="13" count="6" type="stmt"/>
        <line num="39" count="8" type="stmt"/>
        <line num="41" count="14" type="stmt"/>
        <line num="43" count="8" type="cond" truecount="2" falsecount="0"/>
        <line num="47" count="8" type="stmt"/>
        <line num="50" count="14" type="stmt"/>
      </file>
      <file name="summarizeNote.ts" path="C:\Users\Freddy\Documents\IA+robotica\mcp-advanced-starter-main\src\server\tools\summarizeNote.ts">
        <metrics statements="9" coveredstatements="9" conditionals="4" coveredconditionals="4" methods="2" coveredmethods="2"/>
        <line num="17" count="5" type="stmt"/>
        <line num="34" count="5" type="stmt"/>
        <line num="35" count="5" type="cond" truecount="2" falsecount="0"/>
        <line num="36" count="1" type="stmt"/>
        <line num="40" count="4" type="stmt"/>
        <line num="41" count="4" type="stmt"/>
        <line num="61" count="1" type="stmt"/>
        <line num="74" count="3" type="cond" truecount="2" falsecount="0"/>
        <line num="76" count="5" type="stmt"/>
      </file>
    </package>
  </project>
</coverage>
