{"C:\\Users\\Freddy\\Documents\\IA+robotica\\mcp-advanced-starter-main\\src\\server\\auth.ts": {"path":"C:\\Users\\Freddy\\Documents\\IA+robotica\\mcp-advanced-starter-main\\src\\server\\auth.ts","statementMap":{"0":{"start":{"line":38,"column":20},"end":{"line":38,"column":null}},"1":{"start":{"line":41,"column":4},"end":{"line":41,"column":null}},"2":{"start":{"line":45,"column":4},"end":{"line":45,"column":null}},"3":{"start":{"line":46,"column":4},"end":{"line":46,"column":null}},"4":{"start":{"line":64,"column":26},"end":{"line":64,"column":null}},"5":{"start":{"line":65,"column":18},"end":{"line":65,"column":null}},"6":{"start":{"line":66,"column":19},"end":{"line":66,"column":null}},"7":{"start":{"line":68,"column":22},"end":{"line":68,"column":70}},"8":{"start":{"line":71,"column":4},"end":{"line":73,"column":null}},"9":{"start":{"line":72,"column":6},"end":{"line":72,"column":null}},"10":{"start":{"line":77,"column":17},"end":{"line":77,"column":28}},"11":{"start":{"line":78,"column":4},"end":{"line":78,"column":null}},"12":{"start":{"line":80,"column":19},"end":{"line":80,"column":null}},"13":{"start":{"line":81,"column":4},"end":{"line":81,"column":null}},"14":{"start":{"line":82,"column":4},"end":{"line":82,"column":null}},"15":{"start":{"line":82,"column":36},"end":{"line":82,"column":null}},"16":{"start":{"line":83,"column":4},"end":{"line":83,"column":null}},"17":{"start":{"line":87,"column":19},"end":{"line":87,"column":null}},"18":{"start":{"line":88,"column":4},"end":{"line":88,"column":null}},"19":{"start":{"line":88,"column":17},"end":{"line":88,"column":null}},"20":{"start":{"line":89,"column":4},"end":{"line":89,"column":null}},"21":{"start":{"line":98,"column":19},"end":{"line":98,"column":null}},"22":{"start":{"line":99,"column":4},"end":{"line":99,"column":null}},"23":{"start":{"line":99,"column":17},"end":{"line":99,"column":null}},"24":{"start":{"line":100,"column":4},"end":{"line":104,"column":null}},"25":{"start":{"line":101,"column":6},"end":{"line":103,"column":null}},"26":{"start":{"line":105,"column":4},"end":{"line":107,"column":null}},"27":{"start":{"line":106,"column":6},"end":{"line":106,"column":null}},"28":{"start":{"line":108,"column":4},"end":{"line":108,"column":null}},"29":{"start":{"line":110,"column":18},"end":{"line":110,"column":29}},"30":{"start":{"line":111,"column":4},"end":{"line":117,"column":null}},"31":{"start":{"line":119,"column":4},"end":{"line":124,"column":null}},"32":{"start":{"line":128,"column":4},"end":{"line":128,"column":null}},"33":{"start":{"line":132,"column":19},"end":{"line":132,"column":null}},"34":{"start":{"line":133,"column":4},"end":{"line":135,"column":null}},"35":{"start":{"line":134,"column":6},"end":{"line":134,"column":null}},"36":{"start":{"line":136,"column":4},"end":{"line":142,"column":null}},"37":{"start":{"line":168,"column":27},"end":{"line":170,"column":null}},"38":{"start":{"line":169,"column":26},"end":{"line":169,"column":null}},"39":{"start":{"line":172,"column":19},"end":{"line":172,"column":null}},"40":{"start":{"line":173,"column":18},"end":{"line":173,"column":26}},"41":{"start":{"line":174,"column":2},"end":{"line":174,"column":null}},"42":{"start":{"line":175,"column":2},"end":{"line":175,"column":null}},"43":{"start":{"line":177,"column":2},"end":{"line":177,"column":null}},"44":{"start":{"line":179,"column":2},"end":{"line":197,"column":null}},"45":{"start":{"line":180,"column":4},"end":{"line":196,"column":null}},"46":{"start":{"line":181,"column":24},"end":{"line":181,"column":null}},"47":{"start":{"line":182,"column":6},"end":{"line":185,"column":null}},"48":{"start":{"line":183,"column":8},"end":{"line":183,"column":null}},"49":{"start":{"line":184,"column":8},"end":{"line":184,"column":null}},"50":{"start":{"line":186,"column":19},"end":{"line":186,"column":null}},"51":{"start":{"line":187,"column":6},"end":{"line":193,"column":null}},"52":{"start":{"line":195,"column":6},"end":{"line":195,"column":null}},"53":{"start":{"line":199,"column":2},"end":{"line":201,"column":null}},"54":{"start":{"line":200,"column":4},"end":{"line":200,"column":null}},"55":{"start":{"line":203,"column":19},"end":{"line":203,"column":null}},"56":{"start":{"line":204,"column":2},"end":{"line":204,"column":null}},"57":{"start":{"line":209,"column":2},"end":{"line":209,"column":null}}},"fnMap":{"0":{"name":"getClient","decl":{"start":{"line":40,"column":8},"end":{"line":40,"column":18}},"loc":{"start":{"line":40,"column":85},"end":{"line":42,"column":null}},"line":40},"1":{"name":"registerClient","decl":{"start":{"line":44,"column":8},"end":{"line":44,"column":23}},"loc":{"start":{"line":44,"column":104},"end":{"line":47,"column":null}},"line":44},"2":{"name":"constructor","decl":{"start":{"line":68,"column":2},"end":{"line":68,"column":14}},"loc":{"start":{"line":68,"column":70},"end":{"line":68,"column":null}},"line":68},"3":{"name":"authorize","decl":{"start":{"line":70,"column":8},"end":{"line":70,"column":18}},"loc":{"start":{"line":70,"column":121},"end":{"line":84,"column":null}},"line":70},"4":{"name":"challengeForAuthorizationCode","decl":{"start":{"line":86,"column":8},"end":{"line":86,"column":38}},"loc":{"start":{"line":86,"column":118},"end":{"line":90,"column":null}},"line":86},"5":{"name":"exchangeAuthorizationCode","decl":{"start":{"line":92,"column":8},"end":{"line":92,"column":null}},"loc":{"start":{"line":95,"column":26},"end":{"line":125,"column":null}},"line":95},"6":{"name":"exchangeRefreshToken","decl":{"start":{"line":127,"column":8},"end":{"line":127,"column":53}},"loc":{"start":{"line":127,"column":53},"end":{"line":129,"column":null}},"line":127},"7":{"name":"verifyAccessToken","decl":{"start":{"line":131,"column":8},"end":{"line":131,"column":26}},"loc":{"start":{"line":131,"column":60},"end":{"line":143,"column":null}},"line":131},"8":{"name":"setupAuthServer","decl":{"start":{"line":155,"column":16},"end":{"line":155,"column":32}},"loc":{"start":{"line":163,"column":3},"end":{"line":210,"column":null}},"line":163},"9":{"name":"(anonymous_9)","decl":{"start":{"line":168,"column":27},"end":{"line":168,"column":null}},"loc":{"start":{"line":169,"column":26},"end":{"line":169,"column":null}},"line":169},"10":{"name":"(anonymous_10)","decl":{"start":{"line":179,"column":30},"end":{"line":179,"column":37}},"loc":{"start":{"line":179,"column":50},"end":{"line":197,"column":3}},"line":179},"11":{"name":"(anonymous_11)","decl":{"start":{"line":199,"column":42},"end":{"line":199,"column":51}},"loc":{"start":{"line":199,"column":51},"end":{"line":201,"column":3}},"line":199}},"branchMap":{"0":{"loc":{"start":{"line":71,"column":4},"end":{"line":73,"column":null}},"type":"if","locations":[{"start":{"line":71,"column":4},"end":{"line":73,"column":null}},{"start":{},"end":{}}],"line":71},"1":{"loc":{"start":{"line":82,"column":4},"end":{"line":82,"column":null}},"type":"if","locations":[{"start":{"line":82,"column":4},"end":{"line":82,"column":null}},{"start":{},"end":{}}],"line":82},"2":{"loc":{"start":{"line":88,"column":4},"end":{"line":88,"column":null}},"type":"if","locations":[{"start":{"line":88,"column":4},"end":{"line":88,"column":null}},{"start":{},"end":{}}],"line":88},"3":{"loc":{"start":{"line":99,"column":4},"end":{"line":99,"column":null}},"type":"if","locations":[{"start":{"line":99,"column":4},"end":{"line":99,"column":null}},{"start":{},"end":{}}],"line":99},"4":{"loc":{"start":{"line":100,"column":4},"end":{"line":104,"column":null}},"type":"if","locations":[{"start":{"line":100,"column":4},"end":{"line":104,"column":null}},{"start":{},"end":{}}],"line":100},"5":{"loc":{"start":{"line":105,"column":4},"end":{"line":107,"column":null}},"type":"if","locations":[{"start":{"line":105,"column":4},"end":{"line":107,"column":null}},{"start":{},"end":{}}],"line":105},"6":{"loc":{"start":{"line":105,"column":8},"end":{"line":105,"column":81}},"type":"binary-expr","locations":[{"start":{"line":105,"column":8},"end":{"line":105,"column":33}},{"start":{"line":105,"column":33},"end":{"line":105,"column":81}}],"line":105},"7":{"loc":{"start":{"line":114,"column":14},"end":{"line":114,"column":null}},"type":"binary-expr","locations":[{"start":{"line":114,"column":14},"end":{"line":114,"column":38}},{"start":{"line":114,"column":38},"end":{"line":114,"column":null}}],"line":114},"8":{"loc":{"start":{"line":123,"column":14},"end":{"line":123,"column":40}},"type":"binary-expr","locations":[{"start":{"line":123,"column":14},"end":{"line":123,"column":38}},{"start":{"line":123,"column":38},"end":{"line":123,"column":40}}],"line":123},"9":{"loc":{"start":{"line":133,"column":4},"end":{"line":135,"column":null}},"type":"if","locations":[{"start":{"line":133,"column":4},"end":{"line":135,"column":null}},{"start":{},"end":{}}],"line":133},"10":{"loc":{"start":{"line":133,"column":8},"end":{"line":133,"column":50}},"type":"binary-expr","locations":[{"start":{"line":133,"column":8},"end":{"line":133,"column":19}},{"start":{"line":133,"column":19},"end":{"line":133,"column":50}}],"line":133},"11":{"loc":{"start":{"line":168,"column":27},"end":{"line":170,"column":null}},"type":"cond-expr","locations":[{"start":{"line":168,"column":27},"end":{"line":169,"column":null}},{"start":{"line":170,"column":6},"end":{"line":170,"column":null}}],"line":168},"12":{"loc":{"start":{"line":169,"column":26},"end":{"line":169,"column":null}},"type":"binary-expr","locations":[{"start":{"line":169,"column":26},"end":{"line":169,"column":40}},{"start":{"line":169,"column":40},"end":{"line":169,"column":null}}],"line":169},"13":{"loc":{"start":{"line":182,"column":6},"end":{"line":185,"column":null}},"type":"if","locations":[{"start":{"line":182,"column":6},"end":{"line":185,"column":null}},{"start":{},"end":{}}],"line":182}},"s":{"0":15,"1":2,"2":1,"3":1,"4":13,"5":13,"6":13,"7":13,"8":9,"9":1,"10":8,"11":8,"12":8,"13":8,"14":8,"15":1,"16":8,"17":1,"18":1,"19":0,"20":1,"21":7,"22":7,"23":1,"24":6,"25":1,"26":5,"27":1,"28":4,"29":4,"30":4,"31":7,"32":1,"33":3,"34":3,"35":2,"36":1,"37":0,"38":0,"39":0,"40":0,"41":0,"42":0,"43":0,"44":0,"45":0,"46":0,"47":0,"48":0,"49":0,"50":0,"51":0,"52":0,"53":0,"54":0,"55":0,"56":0,"57":0},"f":{"0":2,"1":1,"2":13,"3":9,"4":1,"5":7,"6":1,"7":3,"8":0,"9":0,"10":0,"11":0},"b":{"0":[1,8],"1":[1,7],"2":[0,1],"3":[1,6],"4":[1,5],"5":[1,4],"6":[5,2],"7":[4,0],"8":[7,0],"9":[2,1],"10":[3,2],"11":[0,0],"12":[0,0],"13":[0,0]},"meta":{"lastBranch":14,"lastFunction":12,"lastStatement":58,"seen":{"s:38:20:38:Infinity":0,"f:40:8:40:18":0,"s:41:4:41:Infinity":1,"f:44:8:44:23":1,"s:45:4:45:Infinity":2,"s:46:4:46:Infinity":3,"s:64:26:64:Infinity":4,"s:65:18:65:Infinity":5,"s:66:19:66:Infinity":6,"f:68:2:68:14":2,"s:68:22:68:70":7,"f:70:8:70:18":3,"b:71:4:73:Infinity:undefined:undefined:undefined:undefined":0,"s:71:4:73:Infinity":8,"s:72:6:72:Infinity":9,"s:77:17:77:28":10,"s:78:4:78:Infinity":11,"s:80:19:80:Infinity":12,"s:81:4:81:Infinity":13,"b:82:4:82:Infinity:undefined:undefined:undefined:undefined":1,"s:82:4:82:Infinity":14,"s:82:36:82:Infinity":15,"s:83:4:83:Infinity":16,"f:86:8:86:38":4,"s:87:19:87:Infinity":17,"b:88:4:88:Infinity:undefined:undefined:undefined:undefined":2,"s:88:4:88:Infinity":18,"s:88:17:88:Infinity":19,"s:89:4:89:Infinity":20,"f:92:8:92:Infinity":5,"s:98:19:98:Infinity":21,"b:99:4:99:Infinity:undefined:undefined:undefined:undefined":3,"s:99:4:99:Infinity":22,"s:99:17:99:Infinity":23,"b:100:4:104:Infinity:undefined:undefined:undefined:undefined":4,"s:100:4:104:Infinity":24,"s:101:6:103:Infinity":25,"b:105:4:107:Infinity:undefined:undefined:undefined:undefined":5,"s:105:4:107:Infinity":26,"b:105:8:105:33:105:33:105:81":6,"s:106:6:106:Infinity":27,"s:108:4:108:Infinity":28,"s:110:18:110:29":29,"s:111:4:117:Infinity":30,"b:114:14:114:38:114:38:114:Infinity":7,"s:119:4:124:Infinity":31,"b:123:14:123:38:123:38:123:40":8,"f:127:8:127:53":6,"s:128:4:128:Infinity":32,"f:131:8:131:26":7,"s:132:19:132:Infinity":33,"b:133:4:135:Infinity:undefined:undefined:undefined:undefined":9,"s:133:4:135:Infinity":34,"b:133:8:133:19:133:19:133:50":10,"s:134:6:134:Infinity":35,"s:136:4:142:Infinity":36,"f:155:16:155:32":8,"s:168:27:170:Infinity":37,"b:168:27:169:Infinity:170:6:170:Infinity":11,"f:168:27:168:Infinity":9,"s:169:26:169:Infinity":38,"b:169:26:169:40:169:40:169:Infinity":12,"s:172:19:172:Infinity":39,"s:173:18:173:26":40,"s:174:2:174:Infinity":41,"s:175:2:175:Infinity":42,"s:177:2:177:Infinity":43,"s:179:2:197:Infinity":44,"f:179:30:179:37":10,"s:180:4:196:Infinity":45,"s:181:24:181:Infinity":46,"b:182:6:185:Infinity:undefined:undefined:undefined:undefined":13,"s:182:6:185:Infinity":47,"s:183:8:183:Infinity":48,"s:184:8:184:Infinity":49,"s:186:19:186:Infinity":50,"s:187:6:193:Infinity":51,"s:195:6:195:Infinity":52,"s:199:2:201:Infinity":53,"f:199:42:199:51":11,"s:200:4:200:Infinity":54,"s:203:19:203:Infinity":55,"s:204:2:204:Infinity":56,"s:209:2:209:Infinity":57},"fnNames":{}}}
,"C:\\Users\\Freddy\\Documents\\IA+robotica\\mcp-advanced-starter-main\\src\\server\\eventStore.ts": {"path":"C:\\Users\\Freddy\\Documents\\IA+robotica\\mcp-advanced-starter-main\\src\\server\\eventStore.ts","statementMap":{"0":{"start":{"line":19,"column":19},"end":{"line":19,"column":null}},"1":{"start":{"line":22,"column":4},"end":{"line":22,"column":null}},"2":{"start":{"line":26,"column":4},"end":{"line":26,"column":null}},"3":{"start":{"line":30,"column":20},"end":{"line":30,"column":null}},"4":{"start":{"line":31,"column":4},"end":{"line":31,"column":null}},"5":{"start":{"line":32,"column":4},"end":{"line":32,"column":null}},"6":{"start":{"line":39,"column":4},"end":{"line":39,"column":null}},"7":{"start":{"line":39,"column":55},"end":{"line":39,"column":null}},"8":{"start":{"line":41,"column":21},"end":{"line":41,"column":null}},"9":{"start":{"line":42,"column":4},"end":{"line":42,"column":null}},"10":{"start":{"line":42,"column":19},"end":{"line":42,"column":null}},"11":{"start":{"line":44,"column":24},"end":{"line":44,"column":null}},"12":{"start":{"line":45,"column":4},"end":{"line":52,"column":null}},"13":{"start":{"line":46,"column":6},"end":{"line":46,"column":null}},"14":{"start":{"line":46,"column":38},"end":{"line":46,"column":null}},"15":{"start":{"line":47,"column":6},"end":{"line":50,"column":null}},"16":{"start":{"line":48,"column":8},"end":{"line":48,"column":null}},"17":{"start":{"line":49,"column":8},"end":{"line":49,"column":null}},"18":{"start":{"line":51,"column":6},"end":{"line":51,"column":null}},"19":{"start":{"line":51,"column":25},"end":{"line":51,"column":null}},"20":{"start":{"line":53,"column":4},"end":{"line":53,"column":null}}},"fnMap":{"0":{"name":"generateEventId","decl":{"start":{"line":21,"column":2},"end":{"line":21,"column":10}},"loc":{"start":{"line":21,"column":52},"end":{"line":23,"column":null}},"line":21},"1":{"name":"streamIdFromEventId","decl":{"start":{"line":25,"column":2},"end":{"line":25,"column":10}},"loc":{"start":{"line":25,"column":55},"end":{"line":27,"column":null}},"line":25},"2":{"name":"storeEvent","decl":{"start":{"line":29,"column":8},"end":{"line":29,"column":19}},"loc":{"start":{"line":29,"column":79},"end":{"line":33,"column":null}},"line":29},"3":{"name":"replayEventsAfter","decl":{"start":{"line":35,"column":8},"end":{"line":35,"column":null}},"loc":{"start":{"line":38,"column":21},"end":{"line":54,"column":null}},"line":38}},"branchMap":{"0":{"loc":{"start":{"line":26,"column":11},"end":{"line":26,"column":null}},"type":"binary-expr","locations":[{"start":{"line":26,"column":11},"end":{"line":26,"column":36}},{"start":{"line":26,"column":36},"end":{"line":26,"column":null}}],"line":26},"1":{"loc":{"start":{"line":39,"column":4},"end":{"line":39,"column":null}},"type":"if","locations":[{"start":{"line":39,"column":4},"end":{"line":39,"column":null}},{"start":{},"end":{}}],"line":39},"2":{"loc":{"start":{"line":39,"column":8},"end":{"line":39,"column":55}},"type":"binary-expr","locations":[{"start":{"line":39,"column":8},"end":{"line":39,"column":24}},{"start":{"line":39,"column":24},"end":{"line":39,"column":55}}],"line":39},"3":{"loc":{"start":{"line":42,"column":4},"end":{"line":42,"column":null}},"type":"if","locations":[{"start":{"line":42,"column":4},"end":{"line":42,"column":null}},{"start":{},"end":{}}],"line":42},"4":{"loc":{"start":{"line":46,"column":6},"end":{"line":46,"column":null}},"type":"if","locations":[{"start":{"line":46,"column":6},"end":{"line":46,"column":null}},{"start":{},"end":{}}],"line":46},"5":{"loc":{"start":{"line":47,"column":6},"end":{"line":50,"column":null}},"type":"if","locations":[{"start":{"line":47,"column":6},"end":{"line":50,"column":null}},{"start":{},"end":{}}],"line":47},"6":{"loc":{"start":{"line":51,"column":6},"end":{"line":51,"column":null}},"type":"if","locations":[{"start":{"line":51,"column":6},"end":{"line":51,"column":null}},{"start":{},"end":{}}],"line":51}},"s":{"0":5,"1":7,"2":3,"3":7,"4":7,"5":7,"6":4,"7":1,"8":3,"9":3,"10":0,"11":3,"12":3,"13":6,"14":1,"15":5,"16":3,"17":3,"18":2,"19":2,"20":3},"f":{"0":7,"1":3,"2":7,"3":4},"b":{"0":[3,0],"1":[1,3],"2":[4,4],"3":[0,3],"4":[1,5],"5":[3,2],"6":[2,0]},"meta":{"lastBranch":7,"lastFunction":4,"lastStatement":21,"seen":{"s:19:19:19:Infinity":0,"f:21:2:21:10":0,"s:22:4:22:Infinity":1,"f:25:2:25:10":1,"s:26:4:26:Infinity":2,"b:26:11:26:36:26:36:26:Infinity":0,"f:29:8:29:19":2,"s:30:20:30:Infinity":3,"s:31:4:31:Infinity":4,"s:32:4:32:Infinity":5,"f:35:8:35:Infinity":3,"b:39:4:39:Infinity:undefined:undefined:undefined:undefined":1,"s:39:4:39:Infinity":6,"b:39:8:39:24:39:24:39:55":2,"s:39:55:39:Infinity":7,"s:41:21:41:Infinity":8,"b:42:4:42:Infinity:undefined:undefined:undefined:undefined":3,"s:42:4:42:Infinity":9,"s:42:19:42:Infinity":10,"s:44:24:44:Infinity":11,"s:45:4:52:Infinity":12,"b:46:6:46:Infinity:undefined:undefined:undefined:undefined":4,"s:46:6:46:Infinity":13,"s:46:38:46:Infinity":14,"b:47:6:50:Infinity:undefined:undefined:undefined:undefined":5,"s:47:6:50:Infinity":15,"s:48:8:48:Infinity":16,"s:49:8:49:Infinity":17,"b:51:6:51:Infinity:undefined:undefined:undefined:undefined":6,"s:51:6:51:Infinity":18,"s:51:25:51:Infinity":19,"s:53:4:53:Infinity":20},"fnNames":{}}}
,"C:\\Users\\Freddy\\Documents\\IA+robotica\\mcp-advanced-starter-main\\src\\server\\store.ts": {"path":"C:\\Users\\Freddy\\Documents\\IA+robotica\\mcp-advanced-starter-main\\src\\server\\store.ts","statementMap":{"0":{"start":{"line":23,"column":29},"end":{"line":23,"column":null}},"1":{"start":{"line":24,"column":27},"end":{"line":24,"column":null}},"2":{"start":{"line":25,"column":23},"end":{"line":25,"column":null}},"3":{"start":{"line":33,"column":18},"end":{"line":33,"column":null}},"4":{"start":{"line":36,"column":16},"end":{"line":36,"column":null}},"5":{"start":{"line":37,"column":23},"end":{"line":37,"column":null}},"6":{"start":{"line":38,"column":4},"end":{"line":38,"column":null}},"7":{"start":{"line":39,"column":4},"end":{"line":39,"column":null}},"8":{"start":{"line":43,"column":4},"end":{"line":43,"column":null}},"9":{"start":{"line":47,"column":21},"end":{"line":47,"column":null}},"10":{"start":{"line":48,"column":4},"end":{"line":48,"column":null}},"11":{"start":{"line":48,"column":19},"end":{"line":48,"column":null}},"12":{"start":{"line":49,"column":26},"end":{"line":49,"column":null}},"13":{"start":{"line":50,"column":4},"end":{"line":50,"column":null}},"14":{"start":{"line":51,"column":4},"end":{"line":51,"column":null}},"15":{"start":{"line":55,"column":4},"end":{"line":55,"column":null}},"16":{"start":{"line":55,"column":51},"end":{"line":55,"column":89}},"17":{"start":{"line":64,"column":21},"end":{"line":64,"column":null}},"18":{"start":{"line":65,"column":19},"end":{"line":65,"column":null}},"19":{"start":{"line":66,"column":14},"end":{"line":66,"column":null}},"20":{"start":{"line":68,"column":20},"end":{"line":74,"column":null}},"21":{"start":{"line":70,"column":8},"end":{"line":73,"column":null}},"22":{"start":{"line":73,"column":27},"end":{"line":73,"column":54}},"23":{"start":{"line":76,"column":17},"end":{"line":76,"column":null}},"24":{"start":{"line":77,"column":23},"end":{"line":77,"column":null}},"25":{"start":{"line":78,"column":4},"end":{"line":78,"column":null}},"26":{"start":{"line":94,"column":4},"end":{"line":96,"column":null}},"27":{"start":{"line":95,"column":6},"end":{"line":95,"column":null}},"28":{"start":{"line":98,"column":21},"end":{"line":98,"column":null}},"29":{"start":{"line":99,"column":20},"end":{"line":99,"column":null}},"30":{"start":{"line":100,"column":23},"end":{"line":102,"column":null}},"31":{"start":{"line":101,"column":21},"end":{"line":101,"column":95}},"32":{"start":{"line":104,"column":29},"end":{"line":104,"column":null}},"33":{"start":{"line":105,"column":4},"end":{"line":121,"column":null}},"34":{"start":{"line":105,"column":17},"end":{"line":105,"column":20}},"35":{"start":{"line":106,"column":20},"end":{"line":106,"column":null}},"36":{"start":{"line":107,"column":23},"end":{"line":107,"column":null}},"37":{"start":{"line":108,"column":20},"end":{"line":108,"column":null}},"38":{"start":{"line":109,"column":6},"end":{"line":109,"column":null}},"39":{"start":{"line":109,"column":39},"end":{"line":109,"column":null}},"40":{"start":{"line":111,"column":19},"end":{"line":111,"column":null}},"41":{"start":{"line":112,"column":19},"end":{"line":118,"column":null}},"42":{"start":{"line":119,"column":6},"end":{"line":119,"column":null}},"43":{"start":{"line":120,"column":6},"end":{"line":120,"column":null}},"44":{"start":{"line":122,"column":4},"end":{"line":122,"column":null}}},"fnMap":{"0":{"name":"create","decl":{"start":{"line":35,"column":2},"end":{"line":35,"column":9}},"loc":{"start":{"line":35,"column":68},"end":{"line":40,"column":null}},"line":35},"1":{"name":"get","decl":{"start":{"line":42,"column":2},"end":{"line":42,"column":6}},"loc":{"start":{"line":42,"column":36},"end":{"line":44,"column":null}},"line":42},"2":{"name":"update","decl":{"start":{"line":46,"column":2},"end":{"line":46,"column":9}},"loc":{"start":{"line":46,"column":107},"end":{"line":52,"column":null}},"line":46},"3":{"name":"all","decl":{"start":{"line":54,"column":2},"end":{"line":54,"column":16}},"loc":{"start":{"line":54,"column":16},"end":{"line":56,"column":null}},"line":54},"4":{"name":"(anonymous_4)","decl":{"start":{"line":55,"column":36},"end":{"line":55,"column":42}},"loc":{"start":{"line":55,"column":51},"end":{"line":55,"column":89}},"line":55},"5":{"name":"search","decl":{"start":{"line":63,"column":2},"end":{"line":63,"column":9}},"loc":{"start":{"line":63,"column":114},"end":{"line":79,"column":null}},"line":63},"6":{"name":"(anonymous_6)","decl":{"start":{"line":68,"column":31},"end":{"line":68,"column":null}},"loc":{"start":{"line":70,"column":8},"end":{"line":73,"column":null}},"line":70},"7":{"name":"(anonymous_7)","decl":{"start":{"line":73,"column":15},"end":{"line":73,"column":21}},"loc":{"start":{"line":73,"column":27},"end":{"line":73,"column":54}},"line":73},"8":{"name":"importFromRoot","decl":{"start":{"line":90,"column":8},"end":{"line":90,"column":null}},"loc":{"start":{"line":93,"column":21},"end":{"line":123,"column":null}},"line":93},"9":{"name":"(anonymous_9)","decl":{"start":{"line":101,"column":7},"end":{"line":101,"column":15}},"loc":{"start":{"line":101,"column":21},"end":{"line":101,"column":95}},"line":101}},"branchMap":{"0":{"loc":{"start":{"line":48,"column":4},"end":{"line":48,"column":null}},"type":"if","locations":[{"start":{"line":48,"column":4},"end":{"line":48,"column":null}},{"start":{},"end":{}}],"line":48},"1":{"loc":{"start":{"line":63,"column":24},"end":{"line":63,"column":114}},"type":"default-arg","locations":[{"start":{"line":63,"column":71},"end":{"line":63,"column":114}}],"line":63},"2":{"loc":{"start":{"line":64,"column":21},"end":{"line":64,"column":null}},"type":"binary-expr","locations":[{"start":{"line":64,"column":21},"end":{"line":64,"column":38}},{"start":{"line":64,"column":38},"end":{"line":64,"column":null}}],"line":64},"3":{"loc":{"start":{"line":65,"column":19},"end":{"line":65,"column":null}},"type":"cond-expr","locations":[{"start":{"line":65,"column":33},"end":{"line":65,"column":73}},{"start":{"line":65,"column":73},"end":{"line":65,"column":null}}],"line":65},"4":{"loc":{"start":{"line":65,"column":33},"end":{"line":65,"column":73}},"type":"binary-expr","locations":[{"start":{"line":65,"column":33},"end":{"line":65,"column":69}},{"start":{"line":65,"column":69},"end":{"line":65,"column":73}}],"line":65},"5":{"loc":{"start":{"line":70,"column":8},"end":{"line":73,"column":null}},"type":"binary-expr","locations":[{"start":{"line":70,"column":8},"end":{"line":70,"column":null}},{"start":{"line":71,"column":8},"end":{"line":71,"column":null}},{"start":{"line":72,"column":8},"end":{"line":72,"column":null}},{"start":{"line":73,"column":8},"end":{"line":73,"column":null}}],"line":70},"6":{"loc":{"start":{"line":78,"column":31},"end":{"line":78,"column":92}},"type":"cond-expr","locations":[{"start":{"line":78,"column":61},"end":{"line":78,"column":82}},{"start":{"line":78,"column":82},"end":{"line":78,"column":92}}],"line":78},"7":{"loc":{"start":{"line":94,"column":4},"end":{"line":96,"column":null}},"type":"if","locations":[{"start":{"line":94,"column":4},"end":{"line":96,"column":null}},{"start":{},"end":{}}],"line":94},"8":{"loc":{"start":{"line":101,"column":21},"end":{"line":101,"column":95}},"type":"binary-expr","locations":[{"start":{"line":101,"column":21},"end":{"line":101,"column":35}},{"start":{"line":101,"column":35},"end":{"line":101,"column":95}}],"line":101},"9":{"loc":{"start":{"line":109,"column":6},"end":{"line":109,"column":null}},"type":"if","locations":[{"start":{"line":109,"column":6},"end":{"line":109,"column":null}},{"start":{},"end":{}}],"line":109}},"s":{"0":5,"1":5,"2":5,"3":40,"4":164,"5":164,"6":164,"7":164,"8":7,"9":2,"10":2,"11":1,"12":1,"13":1,"14":1,"15":17,"16":143,"17":16,"18":16,"19":16,"20":16,"21":56,"22":7,"23":16,"24":16,"25":16,"26":8,"27":2,"28":6,"29":6,"30":6,"31":10,"32":6,"33":6,"34":6,"35":8,"36":8,"37":8,"38":8,"39":0,"40":8,"41":8,"42":8,"43":8,"44":6},"f":{"0":164,"1":7,"2":2,"3":17,"4":143,"5":16,"6":56,"7":7,"8":8,"9":10},"b":{"0":[1,1],"1":[16],"2":[16,9],"3":[3,13],"4":[3,0],"5":[56,15,11,8],"6":[4,12],"7":[2,6],"8":[10,10],"9":[0,8]},"meta":{"lastBranch":10,"lastFunction":10,"lastStatement":45,"seen":{"s:23:29:23:Infinity":0,"s:24:27:24:Infinity":1,"s:25:23:25:Infinity":2,"s:33:18:33:Infinity":3,"f:35:2:35:9":0,"s:36:16:36:Infinity":4,"s:37:23:37:Infinity":5,"s:38:4:38:Infinity":6,"s:39:4:39:Infinity":7,"f:42:2:42:6":1,"s:43:4:43:Infinity":8,"f:46:2:46:9":2,"s:47:21:47:Infinity":9,"b:48:4:48:Infinity:undefined:undefined:undefined:undefined":0,"s:48:4:48:Infinity":10,"s:48:19:48:Infinity":11,"s:49:26:49:Infinity":12,"s:50:4:50:Infinity":13,"s:51:4:51:Infinity":14,"f:54:2:54:16":3,"s:55:4:55:Infinity":15,"f:55:36:55:42":4,"s:55:51:55:89":16,"f:63:2:63:9":5,"b:63:71:63:114":1,"s:64:21:64:Infinity":17,"b:64:21:64:38:64:38:64:Infinity":2,"s:65:19:65:Infinity":18,"b:65:33:65:73:65:73:65:Infinity":3,"b:65:33:65:69:65:69:65:73":4,"s:66:14:66:Infinity":19,"s:68:20:74:Infinity":20,"f:68:31:68:Infinity":6,"s:70:8:73:Infinity":21,"b:70:8:70:Infinity:71:8:71:Infinity:72:8:72:Infinity:73:8:73:Infinity":5,"f:73:15:73:21":7,"s:73:27:73:54":22,"s:76:17:76:Infinity":23,"s:77:23:77:Infinity":24,"s:78:4:78:Infinity":25,"b:78:61:78:82:78:82:78:92":6,"f:90:8:90:Infinity":8,"b:94:4:96:Infinity:undefined:undefined:undefined:undefined":7,"s:94:4:96:Infinity":26,"s:95:6:95:Infinity":27,"s:98:21:98:Infinity":28,"s:99:20:99:Infinity":29,"s:100:23:102:Infinity":30,"f:101:7:101:15":9,"s:101:21:101:95":31,"b:101:21:101:35:101:35:101:95":8,"s:104:29:104:Infinity":32,"s:105:4:121:Infinity":33,"s:105:17:105:20":34,"s:106:20:106:Infinity":35,"s:107:23:107:Infinity":36,"s:108:20:108:Infinity":37,"b:109:6:109:Infinity:undefined:undefined:undefined:undefined":9,"s:109:6:109:Infinity":38,"s:109:39:109:Infinity":39,"s:111:19:111:Infinity":40,"s:112:19:118:Infinity":41,"s:119:6:119:Infinity":42,"s:120:6:120:Infinity":43,"s:122:4:122:Infinity":44},"fnNames":{}}}
,"C:\\Users\\Freddy\\Documents\\IA+robotica\\mcp-advanced-starter-main\\src\\server\\tools\\createNote.ts": {"path":"C:\\Users\\Freddy\\Documents\\IA+robotica\\mcp-advanced-starter-main\\src\\server\\tools\\createNote.ts","statementMap":{"0":{"start":{"line":7,"column":19},"end":{"line":7,"column":null}},"1":{"start":{"line":23,"column":2},"end":{"line":50,"column":null}},"2":{"start":{"line":24,"column":19},"end":{"line":41,"column":null}},"3":{"start":{"line":43,"column":4},"end":{"line":43,"column":null}},"4":{"start":{"line":43,"column":55},"end":{"line":43,"column":null}},"5":{"start":{"line":44,"column":18},"end":{"line":44,"column":null}},"6":{"start":{"line":45,"column":4},"end":{"line":47,"column":null}},"7":{"start":{"line":49,"column":4},"end":{"line":49,"column":null}},"8":{"start":{"line":54,"column":2},"end":{"line":91,"column":null}},"9":{"start":{"line":78,"column":31},"end":{"line":78,"column":null}},"10":{"start":{"line":79,"column":19},"end":{"line":79,"column":null}},"11":{"start":{"line":81,"column":6},"end":{"line":89,"column":null}}},"fnMap":{"0":{"name":"elicitPriority","decl":{"start":{"line":19,"column":15},"end":{"line":19,"column":null}},"loc":{"start":{"line":22,"column":33},"end":{"line":51,"column":null}},"line":22},"1":{"name":"registerCreateNoteTool","decl":{"start":{"line":53,"column":16},"end":{"line":53,"column":39}},"loc":{"start":{"line":53,"column":83},"end":{"line":92,"column":null}},"line":53},"2":{"name":"(anonymous_2)","decl":{"start":{"line":77,"column":4},"end":{"line":77,"column":11}},"loc":{"start":{"line":77,"column":54},"end":{"line":90,"column":null}},"line":77}},"branchMap":{"0":{"loc":{"start":{"line":43,"column":4},"end":{"line":43,"column":null}},"type":"if","locations":[{"start":{"line":43,"column":4},"end":{"line":43,"column":null}},{"start":{},"end":{}}],"line":43},"1":{"loc":{"start":{"line":43,"column":8},"end":{"line":43,"column":55}},"type":"binary-expr","locations":[{"start":{"line":43,"column":8},"end":{"line":43,"column":38}},{"start":{"line":43,"column":38},"end":{"line":43,"column":55}}],"line":43},"2":{"loc":{"start":{"line":45,"column":11},"end":{"line":47,"column":null}},"type":"cond-expr","locations":[{"start":{"line":46,"column":9},"end":{"line":46,"column":null}},{"start":{"line":47,"column":8},"end":{"line":47,"column":null}}],"line":45},"3":{"loc":{"start":{"line":45,"column":11},"end":{"line":45,"column":null}},"type":"binary-expr","locations":[{"start":{"line":45,"column":11},"end":{"line":45,"column":41}},{"start":{"line":45,"column":41},"end":{"line":45,"column":null}}],"line":45},"4":{"loc":{"start":{"line":78,"column":31},"end":{"line":78,"column":null}},"type":"binary-expr","locations":[{"start":{"line":78,"column":31},"end":{"line":78,"column":44}},{"start":{"line":78,"column":44},"end":{"line":78,"column":84}},{"start":{"line":78,"column":84},"end":{"line":78,"column":null}}],"line":78}},"s":{"0":1,"1":3,"2":3,"3":2,"4":1,"5":1,"6":1,"7":1,"8":5,"9":5,"10":5,"11":5},"f":{"0":3,"1":5,"2":5},"b":{"0":[1,1],"1":[2,1],"2":[1,0],"3":[1,1],"4":[5,3,2]},"meta":{"lastBranch":5,"lastFunction":3,"lastStatement":12,"seen":{"s:7:19:7:Infinity":0,"f:19:15:19:Infinity":0,"s:23:2:50:Infinity":1,"s:24:19:41:Infinity":2,"b:43:4:43:Infinity:undefined:undefined:undefined:undefined":0,"s:43:4:43:Infinity":3,"b:43:8:43:38:43:38:43:55":1,"s:43:55:43:Infinity":4,"s:44:18:44:Infinity":5,"s:45:4:47:Infinity":6,"b:46:9:46:Infinity:47:8:47:Infinity":2,"b:45:11:45:41:45:41:45:Infinity":3,"s:49:4:49:Infinity":7,"f:53:16:53:39":1,"s:54:2:91:Infinity":8,"f:77:4:77:11":2,"s:78:31:78:Infinity":9,"b:78:31:78:44:78:44:78:84:78:84:78:Infinity":4,"s:79:19:79:Infinity":10,"s:81:6:89:Infinity":11},"fnNames":{}}}
,"C:\\Users\\Freddy\\Documents\\IA+robotica\\mcp-advanced-starter-main\\src\\server\\tools\\indexRoots.ts": {"path":"C:\\Users\\Freddy\\Documents\\IA+robotica\\mcp-advanced-starter-main\\src\\server\\tools\\indexRoots.ts","statementMap":{"0":{"start":{"line":17,"column":2},"end":{"line":107,"column":null}},"1":{"start":{"line":33,"column":6},"end":{"line":45,"column":null}},"2":{"start":{"line":34,"column":8},"end":{"line":34,"column":null}},"3":{"start":{"line":36,"column":8},"end":{"line":44,"column":null}},"4":{"start":{"line":47,"column":6},"end":{"line":58,"column":null}},"5":{"start":{"line":48,"column":8},"end":{"line":57,"column":null}},"6":{"start":{"line":60,"column":28},"end":{"line":60,"column":null}},"7":{"start":{"line":61,"column":33},"end":{"line":61,"column":null}},"8":{"start":{"line":62,"column":23},"end":{"line":62,"column":null}},"9":{"start":{"line":65,"column":25},"end":{"line":65,"column":null}},"10":{"start":{"line":70,"column":6},"end":{"line":73,"column":null}},"11":{"start":{"line":75,"column":6},"end":{"line":90,"column":null}},"12":{"start":{"line":76,"column":22},"end":{"line":88,"column":null}},"13":{"start":{"line":77,"column":10},"end":{"line":77,"column":null}},"14":{"start":{"line":78,"column":10},"end":{"line":78,"column":null}},"15":{"start":{"line":78,"column":43},"end":{"line":78,"column":null}},"16":{"start":{"line":79,"column":10},"end":{"line":87,"column":null}},"17":{"start":{"line":89,"column":8},"end":{"line":89,"column":null}},"18":{"start":{"line":89,"column":42},"end":{"line":89,"column":49}},"19":{"start":{"line":93,"column":8},"end":{"line":95,"column":null}},"20":{"start":{"line":95,"column":102},"end":{"line":95,"column":110}},"21":{"start":{"line":97,"column":6},"end":{"line":100,"column":null}},"22":{"start":{"line":102,"column":6},"end":{"line":105,"column":null}}},"fnMap":{"0":{"name":"registerIndexRootsTool","decl":{"start":{"line":16,"column":16},"end":{"line":16,"column":39}},"loc":{"start":{"line":16,"column":83},"end":{"line":108,"column":null}},"line":16},"1":{"name":"(anonymous_1)","decl":{"start":{"line":31,"column":4},"end":{"line":31,"column":11}},"loc":{"start":{"line":31,"column":28},"end":{"line":106,"column":null}},"line":31},"2":{"name":"(anonymous_2)","decl":{"start":{"line":76,"column":59},"end":{"line":76,"column":66}},"loc":{"start":{"line":76,"column":93},"end":{"line":88,"column":9}},"line":76},"3":{"name":"(anonymous_3)","decl":{"start":{"line":89,"column":31},"end":{"line":89,"column":36}},"loc":{"start":{"line":89,"column":42},"end":{"line":89,"column":49}},"line":89},"4":{"name":"(anonymous_4)","decl":{"start":{"line":95,"column":91},"end":{"line":95,"column":96}},"loc":{"start":{"line":95,"column":102},"end":{"line":95,"column":110}},"line":95}},"branchMap":{"0":{"loc":{"start":{"line":47,"column":6},"end":{"line":58,"column":null}},"type":"if","locations":[{"start":{"line":47,"column":6},"end":{"line":58,"column":null}},{"start":{},"end":{}}],"line":47},"1":{"loc":{"start":{"line":78,"column":10},"end":{"line":78,"column":null}},"type":"if","locations":[{"start":{"line":78,"column":10},"end":{"line":78,"column":null}},{"start":{},"end":{}}],"line":78},"2":{"loc":{"start":{"line":85,"column":26},"end":{"line":85,"column":48}},"type":"binary-expr","locations":[{"start":{"line":85,"column":26},"end":{"line":85,"column":39}},{"start":{"line":85,"column":39},"end":{"line":85,"column":48}}],"line":85},"3":{"loc":{"start":{"line":93,"column":8},"end":{"line":95,"column":null}},"type":"cond-expr","locations":[{"start":{"line":94,"column":12},"end":{"line":94,"column":null}},{"start":{"line":95,"column":12},"end":{"line":95,"column":null}}],"line":93}},"s":{"0":9,"1":9,"2":9,"3":1,"4":8,"5":1,"6":7,"7":9,"8":9,"9":9,"10":9,"11":7,"12":7,"13":8,"14":8,"15":6,"16":2,"17":6,"18":8,"19":6,"20":8,"21":9,"22":6},"f":{"0":9,"1":9,"2":8,"3":8,"4":8},"b":{"0":[1,7],"1":[6,2],"2":[2,0],"3":[0,6]},"meta":{"lastBranch":4,"lastFunction":5,"lastStatement":23,"seen":{"f:16:16:16:39":0,"s:17:2:107:Infinity":0,"f:31:4:31:11":1,"s:33:6:45:Infinity":1,"s:34:8:34:Infinity":2,"s:36:8:44:Infinity":3,"b:47:6:58:Infinity:undefined:undefined:undefined:undefined":0,"s:47:6:58:Infinity":4,"s:48:8:57:Infinity":5,"s:60:28:60:Infinity":6,"s:61:33:61:Infinity":7,"s:62:23:62:Infinity":8,"s:65:25:65:Infinity":9,"s:70:6:73:Infinity":10,"s:75:6:90:Infinity":11,"s:76:22:88:Infinity":12,"f:76:59:76:66":2,"s:77:10:77:Infinity":13,"b:78:10:78:Infinity:undefined:undefined:undefined:undefined":1,"s:78:10:78:Infinity":14,"s:78:43:78:Infinity":15,"s:79:10:87:Infinity":16,"b:85:26:85:39:85:39:85:48":2,"s:89:8:89:Infinity":17,"f:89:31:89:36":3,"s:89:42:89:49":18,"s:93:8:95:Infinity":19,"b:94:12:94:Infinity:95:12:95:Infinity":3,"f:95:91:95:96":4,"s:95:102:95:110":20,"s:97:6:100:Infinity":21,"s:102:6:105:Infinity":22},"fnNames":{}}}
,"C:\\Users\\Freddy\\Documents\\IA+robotica\\mcp-advanced-starter-main\\src\\server\\tools\\searchNotes.ts": {"path":"C:\\Users\\Freddy\\Documents\\IA+robotica\\mcp-advanced-starter-main\\src\\server\\tools\\searchNotes.ts","statementMap":{"0":{"start":{"line":13,"column":2},"end":{"line":61,"column":null}},"1":{"start":{"line":39,"column":35},"end":{"line":39,"column":null}},"2":{"start":{"line":41,"column":27},"end":{"line":41,"column":null}},"3":{"start":{"line":41,"column":43},"end":{"line":41,"column":83}},"4":{"start":{"line":43,"column":8},"end":{"line":45,"column":null}},"5":{"start":{"line":47,"column":6},"end":{"line":59,"column":null}},"6":{"start":{"line":50,"column":34},"end":{"line":56,"column":12}}},"fnMap":{"0":{"name":"registerSearchNotesTool","decl":{"start":{"line":12,"column":16},"end":{"line":12,"column":40}},"loc":{"start":{"line":12,"column":84},"end":{"line":62,"column":null}},"line":12},"1":{"name":"(anonymous_1)","decl":{"start":{"line":38,"column":4},"end":{"line":38,"column":11}},"loc":{"start":{"line":38,"column":43},"end":{"line":60,"column":null}},"line":38},"2":{"name":"(anonymous_2)","decl":{"start":{"line":41,"column":32},"end":{"line":41,"column":37}},"loc":{"start":{"line":41,"column":43},"end":{"line":41,"column":83}},"line":41},"3":{"name":"(anonymous_3)","decl":{"start":{"line":50,"column":22},"end":{"line":50,"column":27}},"loc":{"start":{"line":50,"column":34},"end":{"line":56,"column":12}},"line":50}},"branchMap":{"0":{"loc":{"start":{"line":43,"column":8},"end":{"line":45,"column":null}},"type":"cond-expr","locations":[{"start":{"line":44,"column":12},"end":{"line":44,"column":null}},{"start":{"line":45,"column":12},"end":{"line":45,"column":null}}],"line":43},"1":{"loc":{"start":{"line":45,"column":41},"end":{"line":45,"column":null}},"type":"cond-expr","locations":[{"start":{"line":45,"column":54},"end":{"line":45,"column":148}},{"start":{"line":45,"column":148},"end":{"line":45,"column":null}}],"line":45}},"s":{"0":6,"1":8,"2":8,"3":14,"4":8,"5":8,"6":14},"f":{"0":6,"1":8,"2":14,"3":14},"b":{"0":[1,7],"1":[3,4]},"meta":{"lastBranch":2,"lastFunction":4,"lastStatement":7,"seen":{"f:12:16:12:40":0,"s:13:2:61:Infinity":0,"f:38:4:38:11":1,"s:39:35:39:Infinity":1,"s:41:27:41:Infinity":2,"f:41:32:41:37":2,"s:41:43:41:83":3,"s:43:8:45:Infinity":4,"b:44:12:44:Infinity:45:12:45:Infinity":0,"b:45:54:45:148:45:148:45:Infinity":1,"s:47:6:59:Infinity":5,"f:50:22:50:27":3,"s:50:34:56:12":6},"fnNames":{}}}
,"C:\\Users\\Freddy\\Documents\\IA+robotica\\mcp-advanced-starter-main\\src\\server\\tools\\summarizeNote.ts": {"path":"C:\\Users\\Freddy\\Documents\\IA+robotica\\mcp-advanced-starter-main\\src\\server\\tools\\summarizeNote.ts","statementMap":{"0":{"start":{"line":17,"column":2},"end":{"line":81,"column":null}},"1":{"start":{"line":34,"column":19},"end":{"line":34,"column":null}},"2":{"start":{"line":35,"column":6},"end":{"line":37,"column":null}},"3":{"start":{"line":36,"column":8},"end":{"line":36,"column":null}},"4":{"start":{"line":40,"column":6},"end":{"line":72,"column":null}},"5":{"start":{"line":41,"column":8},"end":{"line":57,"column":null}},"6":{"start":{"line":61,"column":8},"end":{"line":71,"column":null}},"7":{"start":{"line":74,"column":22},"end":{"line":74,"column":null}},"8":{"start":{"line":76,"column":6},"end":{"line":79,"column":null}}},"fnMap":{"0":{"name":"registerSummarizeNoteTool","decl":{"start":{"line":16,"column":16},"end":{"line":16,"column":42}},"loc":{"start":{"line":16,"column":86},"end":{"line":82,"column":null}},"line":16},"1":{"name":"(anonymous_1)","decl":{"start":{"line":33,"column":4},"end":{"line":33,"column":11}},"loc":{"start":{"line":33,"column":29},"end":{"line":80,"column":null}},"line":33}},"branchMap":{"0":{"loc":{"start":{"line":35,"column":6},"end":{"line":37,"column":null}},"type":"if","locations":[{"start":{"line":35,"column":6},"end":{"line":37,"column":null}},{"start":{},"end":{}}],"line":35},"1":{"loc":{"start":{"line":74,"column":22},"end":{"line":74,"column":null}},"type":"cond-expr","locations":[{"start":{"line":74,"column":55},"end":{"line":74,"column":84}},{"start":{"line":74,"column":84},"end":{"line":74,"column":null}}],"line":74}},"s":{"0":5,"1":5,"2":5,"3":1,"4":4,"5":4,"6":1,"7":3,"8":5},"f":{"0":5,"1":5},"b":{"0":[1,4],"1":[2,1]},"meta":{"lastBranch":2,"lastFunction":2,"lastStatement":9,"seen":{"f:16:16:16:42":0,"s:17:2:81:Infinity":0,"f:33:4:33:11":1,"s:34:19:34:Infinity":1,"b:35:6:37:Infinity:undefined:undefined:undefined:undefined":0,"s:35:6:37:Infinity":2,"s:36:8:36:Infinity":3,"s:40:6:72:Infinity":4,"s:41:8:57:Infinity":5,"s:61:8:71:Infinity":6,"s:74:22:74:Infinity":7,"b:74:55:74:84:74:84:74:Infinity":1,"s:76:6:79:Infinity":8},"fnNames":{}}}
}
